<?xml version="1.0" encoding="UTF-8"?>
<!-- Generated by org.testng.reporters.JUnitXMLReporter -->
<testsuite ignored="0" hostname="EPINPUNW0467" failures="1" tests="3" name="Surefire test" time="12.859" errors="0" timestamp="2024-12-07T14:08:56 IST">
  <testcase classname="io.cucumber.testng.AbstractTestNGCucumberTests" name="runScenario" time="9.657"/>
  <testcase classname="io.cucumber.testng.AbstractTestNGCucumberTests" name="runScenario" time="11.777">
    <failure type="java.lang.AssertionError" message="expected [Beetroot] but found [No data]">
      <![CDATA[java.lang.AssertionError: expected [Beetroot] but found [No data]
at stepDefinitions.OfferPageStepDefinitions2.validate_product_name_in_offers_page_matches_with_landing_page(OfferPageStepDefinitions2.java:53)
at ✽.validate product name in offers page matches with Landing Page(file:///C:/Users/Mahendrakumar_Katkar/eclipse-workspace/CucumberFrameworkUdemy/src/test/java/features/searchProduct.feature:9)
... Removed 6 stack frames]]>
    </failure>
  </testcase> <!-- runScenario -->
  <testcase classname="io.cucumber.testng.AbstractTestNGCucumberTests" name="runScenario" time="11.794"/>
</testsuite> <!-- Surefire test -->
